[2023-12-16 01:38:38] local.ERROR: Treatment Execution du Téléchargement de Fichier ( 3 ) cant be dispatched as it is Not Waiting  
[2023-12-16 01:38:56] local.INFO: TreatmentEnding - postEnding  
[2023-12-16 01:38:56] local.INFO: OperationTreatmentType - postEnding  
[2023-12-16 01:38:56] local.INFO: DownloadFileExecService - postEnding  
[2023-12-16 01:39:02] local.ERROR: Treatment Perform processes after Download File ( 4 ) cant be dispatched as it is Not Waiting  
[2023-12-16 01:39:05] local.INFO: TreatmentEnding - postEnding  
[2023-12-16 01:39:05] local.INFO: StepTreatmentType - postEnding  
[2023-12-16 01:39:06] local.INFO: DownloadFileStepService - postEnding  
[2023-12-16 01:39:14] local.INFO: TreatmentEnding - postEnding  
[2023-12-16 01:39:14] local.INFO: MainTreatmentType - postEnding  
[2023-12-16 01:39:21] local.INFO: TreatmentEnding - postEnding  
[2023-12-16 01:39:21] local.INFO: OperationTreatmentType - postEnding  
[2023-12-16 01:39:27] local.INFO: TreatmentEnding - postEnding  
[2023-12-16 01:39:27] local.INFO: OperationTreatmentType - postEnding  
[2023-12-16 01:39:28] local.INFO: DownloadFileExecService - postEnding  
[2023-12-16 01:39:33] local.INFO: TreatmentEnding - postEnding  
[2023-12-16 01:39:33] local.INFO: StepTreatmentType - postEnding  
[2023-12-16 01:39:33] local.INFO: DownloadFileStepService - postEnding  
[2023-12-16 01:39:46] local.INFO: TreatmentEnding - postEnding  
[2023-12-16 01:39:46] local.INFO: MainTreatmentType - postEnding  
[2023-12-16 01:39:58] local.ERROR: Treatment Exec Import file step ( 6 ) cant be dispatched as it is Not Waiting  
[2023-12-16 01:46:29] local.INFO: TreatmentEnding - postEnding  
[2023-12-16 01:46:29] local.INFO: OperationTreatmentType - postEnding  
[2023-12-16 01:46:33] local.INFO: MergeFileExecService - postEnding. isFailed: true, state: firstending  
[2023-12-16 01:46:50] local.INFO: TreatmentEnding - postEnding  
[2023-12-16 01:46:50] local.INFO: StepTreatmentType - postEnding  
[2023-12-16 01:46:53] local.INFO: MergeFileStepService - postEnding  
[2023-12-16 01:47:15] local.INFO: TreatmentEnding - postEnding  
[2023-12-16 01:47:15] local.INFO: MainTreatmentType - postEnding  
[2023-12-16 01:48:13] local.INFO: TreatmentEnding - postEnding  
[2023-12-16 01:48:13] local.INFO: OperationTreatmentType - postEnding  
[2023-12-16 01:48:17] local.INFO: MergeFileExecService - postEnding. isFailed: true, state: firstending  
[2023-12-16 01:48:54] local.INFO: TreatmentEnding - postEnding  
[2023-12-16 01:48:54] local.INFO: StepTreatmentType - postEnding  
[2023-12-16 01:48:56] local.INFO: MergeFileStepService - postEnding  
[2023-12-16 01:49:21] local.INFO: TreatmentEnding - postEnding  
[2023-12-16 01:49:21] local.INFO: MainTreatmentType - postEnding  
[2023-12-16 05:59:58] local.INFO: TreatmentEnding - postEnding  
[2023-12-16 05:59:58] local.INFO: OperationTreatmentType - postEnding  
[2023-12-16 06:00:01] local.INFO: MergeFileExecService - postEnding. isFailed: true, state: firstending  
[2023-12-16 06:00:08] local.INFO: TreatmentEnding - postEnding  
[2023-12-16 06:00:08] local.INFO: StepTreatmentType - postEnding  
[2023-12-16 06:00:10] local.INFO: MergeFileStepService - postEnding  
[2023-12-16 06:00:24] local.INFO: TreatmentEnding - postEnding  
[2023-12-16 06:00:24] local.INFO: MainTreatmentType - postEnding  
[2023-12-16 06:02:54] local.INFO: TreatmentEnding - postEnding  
[2023-12-16 06:02:54] local.INFO: OperationTreatmentType - postEnding  
[2023-12-16 06:02:54] local.INFO: MergeFileExecService - postEnding. isFailed: true, state: firstending  
[2023-12-16 06:03:01] local.INFO: TreatmentEnding - postEnding  
[2023-12-16 06:03:01] local.INFO: StepTreatmentType - postEnding  
[2023-12-16 06:03:01] local.INFO: MergeFileStepService - postEnding  
[2023-12-16 06:58:16] local.ERROR: The process "sudo systemctl restart adminit-importfile.target" exceeded the timeout of 60 seconds. {"exception":"[object] (Symfony\\Component\\Process\\Exception\\ProcessTimedOutException(code: 0): The process \"sudo systemctl restart adminit-importfile.target\" exceeded the timeout of 60 seconds. at /var/www/adminit/vendor/symfony/process/Process.php:1204)
[stacktrace]
#0 /var/www/adminit/vendor/symfony/process/Process.php(430): Symfony\\Component\\Process\\Process->checkTimeout()
#1 /var/www/adminit/vendor/symfony/process/Process.php(254): Symfony\\Component\\Process\\Process->wait()
#2 /var/www/adminit/app/Helpers/SymphonyProcess.php(32): Symfony\\Component\\Process\\Process->run()
#3 /var/www/adminit/app/Traits/JobAndBatch/JobAndBatch.php(15): App\\Helpers\\SymphonyProcess::runShellCommand()
#4 /var/www/adminit/app/Traits/JobAndBatch/JobManagement.php(29): App\\Console\\Commands\\JobAndBatch\\JobWatch->reloadWorker()
#5 /var/www/adminit/app/Console/Commands/JobAndBatch/JobWatch.php(48): App\\Console\\Commands\\JobAndBatch\\JobWatch->longPendingQueuesReloadWorkers()
#6 /var/www/adminit/vendor/laravel/framework/src/Illuminate/Container/BoundMethod.php(36): App\\Console\\Commands\\JobAndBatch\\JobWatch->handle()
#7 /var/www/adminit/vendor/laravel/framework/src/Illuminate/Container/Util.php(40): Illuminate\\Container\\BoundMethod::Illuminate\\Container\\{closure}()
#8 /var/www/adminit/vendor/laravel/framework/src/Illuminate/Container/BoundMethod.php(93): Illuminate\\Container\\Util::unwrapIfClosure()
#9 /var/www/adminit/vendor/laravel/framework/src/Illuminate/Container/BoundMethod.php(35): Illuminate\\Container\\BoundMethod::callBoundMethod()
#10 /var/www/adminit/vendor/laravel/framework/src/Illuminate/Container/Container.php(653): Illuminate\\Container\\BoundMethod::call()
#11 /var/www/adminit/vendor/laravel/framework/src/Illuminate/Console/Command.php(136): Illuminate\\Container\\Container->call()
#12 /var/www/adminit/vendor/symfony/console/Command/Command.php(298): Illuminate\\Console\\Command->execute()
#13 /var/www/adminit/vendor/laravel/framework/src/Illuminate/Console/Command.php(120): Symfony\\Component\\Console\\Command\\Command->run()
#14 /var/www/adminit/vendor/symfony/console/Application.php(1040): Illuminate\\Console\\Command->run()
#15 /var/www/adminit/vendor/symfony/console/Application.php(301): Symfony\\Component\\Console\\Application->doRunCommand()
#16 /var/www/adminit/vendor/symfony/console/Application.php(171): Symfony\\Component\\Console\\Application->doRun()
#17 /var/www/adminit/vendor/laravel/framework/src/Illuminate/Console/Application.php(94): Symfony\\Component\\Console\\Application->run()
#18 /var/www/adminit/vendor/laravel/framework/src/Illuminate/Foundation/Console/Kernel.php(129): Illuminate\\Console\\Application->run()
#19 /var/www/adminit/artisan(35): Illuminate\\Foundation\\Console\\Kernel->handle()
#20 {main}
"} 
[2023-12-16 07:01:55] local.INFO: TreatmentEnding - postEnding  
[2023-12-16 07:01:55] local.INFO: StepTreatmentType - postEnding  
[2023-12-16 07:01:58] local.INFO: MergeFileStepService - postEnding  
[2023-12-16 07:02:07] local.INFO: TreatmentEnding - postEnding  
[2023-12-16 07:02:07] local.INFO: OperationTreatmentType - postEnding  
[2023-12-16 07:02:09] local.INFO: MergeFileExecService - postEnding. isFailed: true, state: running  
[2023-12-16 07:02:18] local.INFO: TreatmentEnding - postEnding  
[2023-12-16 07:02:18] local.INFO: MainTreatmentType - postEnding  
[2023-12-16 07:02:30] local.INFO: TreatmentEnding - postEnding  
[2023-12-16 07:02:30] local.INFO: StepTreatmentType - postEnding  
[2023-12-16 07:02:31] local.INFO: MergeFileStepService - postEnding  
[2023-12-16 07:02:39] local.INFO: TreatmentEnding - postEnding  
[2023-12-16 07:02:39] local.INFO: MainTreatmentType - postEnding  
[2023-12-16 17:35:15] local.INFO: TreatmentEnding - postEnding  
[2023-12-16 17:35:15] local.INFO: OperationTreatmentType - postEnding  
[2023-12-16 17:35:15] local.INFO: MergeFileExecService - postEnding. isFailed: true, state: running  
[2023-12-16 17:35:18] local.INFO: TreatmentEnding - postEnding  
[2023-12-16 17:35:18] local.INFO: OperationTreatmentType - postEnding  
[2023-12-16 17:35:21] local.INFO: TreatmentEnding - postEnding  
[2023-12-16 17:35:21] local.INFO: OperationTreatmentType - postEnding  
[2023-12-16 17:35:24] local.INFO: TreatmentEnding - postEnding  
[2023-12-16 17:35:24] local.INFO: OperationTreatmentType - postEnding  
[2023-12-16 17:35:30] local.INFO: TreatmentEnding - postEnding  
[2023-12-16 17:35:30] local.INFO: StepTreatmentType - postEnding  
[2023-12-16 17:35:30] local.INFO: MergeFileStepService - postEnding  
[2023-12-16 17:35:32] local.INFO: TreatmentEnding - postEnding  
[2023-12-16 17:35:32] local.INFO: OperationTreatmentType - postEnding  
[2023-12-16 17:35:36] local.INFO: TreatmentEnding - postEnding  
[2023-12-16 17:35:36] local.INFO: MainTreatmentType - postEnding  
[2023-12-16 17:35:39] local.INFO: TreatmentEnding - postEnding  
[2023-12-16 17:35:39] local.INFO: StepTreatmentType - postEnding  
[2023-12-16 17:35:45] local.INFO: TreatmentEnding - postEnding  
[2023-12-16 17:35:45] local.INFO: MainTreatmentType - postEnding  
[2023-12-16 17:36:16] local.INFO: TreatmentEnding - postEnding  
[2023-12-16 17:36:16] local.INFO: OperationTreatmentType - postEnding  
[2023-12-16 17:36:17] local.INFO: MergeFileExecService - postEnding. isFailed: false, state: firstending  
[2023-12-16 17:36:22] local.INFO: TreatmentEnding - postEnding  
[2023-12-16 17:36:22] local.INFO: StepTreatmentType - postEnding  
[2023-12-16 17:36:22] local.INFO: MergeFileStepService - postEnding  
[2023-12-16 17:36:27] local.ERROR: Treatment Exec File Notifiation ( 11 ) cant be dispatched as it is Not Waiting  
[2023-12-16 17:36:27] local.INFO: TreatmentEnding - postEnding  
[2023-12-16 17:36:27] local.INFO: MainTreatmentType - postEnding  
[2023-12-16 17:52:37] local.INFO: TreatmentEnding - postEnding  
[2023-12-16 17:52:37] local.INFO: OperationTreatmentType - postEnding  
[2023-12-16 17:52:39] local.INFO: TreatmentEnding - postEnding  
[2023-12-16 17:52:39] local.INFO: StepTreatmentType - postEnding  
[2023-12-16 17:52:42] local.INFO: TreatmentEnding - postEnding  
[2023-12-16 17:52:42] local.INFO: MainTreatmentType - postEnding  
[2023-12-18 06:05:19] local.INFO: Perform processes after Download File (4)  
[2023-12-18 06:05:19] local.INFO: Do Importation using Import Object (7)  
[2023-12-18 06:05:20] local.INFO: Perform processes after Download File (4)  
[2023-12-18 06:05:20] local.INFO: Do Importation using Import Object (7)  
